<?xml version="1.0" encoding="UTF-8"?>
<!-- Generated by org.testng.reporters.JUnitReportReporter -->
<testsuite hostname="LAPTOP-4AAG13DH" failures="0" tests="3" name="testng.SoftAssertDemoblaze" time="5.037" errors="0" timestamp="2026-04-20T11:45:02 IST" skipped="0">
  <testcase classname="testng.SoftAssertDemoblaze" name="validation" time="2.624"/>
  <testcase classname="testng.SoftAssertDemoblaze" name="logininvalid1" time="0.779"/>
  <testcase classname="testng.SoftAssertDemoblaze" name="logininvalid2" time="1.634"/>
</testsuite> <!-- testng.SoftAssertDemoblaze -->
