<?xml version="1.0" encoding="UTF-8"?>
<!-- Generated by org.testng.reporters.JUnitReportReporter -->
<testsuite hostname="LAPTOP-4AAG13DH" failures="0" tests="4" name="testng.DataProviderDemoblaze" time="27.886" errors="0" timestamp="2026-04-20T22:49:00 IST" skipped="0">
  <testcase classname="testng.DataProviderDemoblaze" name="logininvalid1" time="5.080"/>
  <testcase classname="testng.DataProviderDemoblaze" name="logininvalid1" time="10.718"/>
  <testcase classname="testng.DataProviderDemoblaze" name="logininvalid1" time="6.758"/>
  <testcase classname="testng.DataProviderDemoblaze" name="validation" time="5.330"/>
</testsuite> <!-- testng.DataProviderDemoblaze -->
