<?xml version="1.0" encoding="UTF-8"?>
<!-- Generated by org.testng.reporters.JUnitReportReporter -->
<testsuite hostname="LAPTOP-4AAG13DH" failures="0" tests="4" name="testng.GroupExample" time="0.016" errors="0" timestamp="2026-04-17T12:35:42 IST" skipped="0">
  <testcase classname="testng.GroupExample" name="Testgroup1forB" time="0.001"/>
  <testcase classname="testng.GroupExample" name="Testgroup2forB" time="0.005"/>
  <testcase classname="testng.GroupExample" name="Testgroup1forA" time="0.007"/>
  <testcase classname="testng.GroupExample" name="Testgroup2forA" time="0.003"/>
</testsuite> <!-- testng.GroupExample -->
