<?xml version="1.0" encoding="UTF-8"?>
<!-- Generated by org.testng.reporters.JUnitReportReporter -->
<testsuite hostname="LAPTOP-4AAG13DH" failures="0" tests="3" name="testng.ParameterPassing" time="16.903" errors="0" timestamp="2026-04-20T22:54:05 IST" skipped="0">
  <testcase classname="testng.ParameterPassing" name="invalidLoginWrongPassword" time="3.908"/>
  <testcase classname="testng.ParameterPassing" name="invalidLoginEmpty" time="4.950"/>
  <testcase classname="testng.ParameterPassing" name="validLogin" time="8.045"/>
</testsuite> <!-- testng.ParameterPassing -->
