<?xml version="1.0" encoding="UTF-8"?>
<!-- Generated by org.testng.reporters.JUnitReportReporter -->
<testsuite hostname="LAPTOP-4AAG13DH" failures="0" tests="4" name="testng.GroupExample" time="0.024" errors="0" timestamp="2026-04-20T14:18:16 IST" skipped="0">
  <testcase classname="testng.GroupExample" name="Testgroup1forB" time="0.003"/>
  <testcase classname="testng.GroupExample" name="Testgroup2forA" time="0.005"/>
  <testcase classname="testng.GroupExample" name="Testgroup2forB" time="0.006"/>
  <testcase classname="testng.GroupExample" name="Testgroup1forA" time="0.010"/>
</testsuite> <!-- testng.GroupExample -->
