<?xml version="1.0" encoding="UTF-8"?>
<!-- Generated by org.testng.reporters.JUnitXMLReporter -->
<testsuite ignored="0" hostname="LAPTOP-4AAG13DH" failures="0" tests="3" name="DemoblazeTest" time="17.055" errors="0" timestamp="2026-04-20T22:54:05 IST">
  <testcase classname="testng.ParameterPassing" name="invalidLoginEmpty" time="2.279"/>
  <testcase classname="testng.ParameterPassing" name="invalidLoginWrongPassword" time="1.519"/>
  <testcase classname="testng.ParameterPassing" name="validLogin" time="3.748"/>
</testsuite> <!-- DemoblazeTest -->
