<?xml version="1.0" encoding="UTF-8"?>
<!-- Generated by org.testng.reporters.JUnitXMLReporter -->
<testsuite ignored="2" hostname="LAPTOP-4AAG13DH" failures="0" tests="4" name="Test" time="0.079" errors="0" timestamp="2026-04-17T12:35:42 IST">
  <testcase classname="testng.GroupExample" name="Testgroup1forA" time="0.007"/>
  <testcase classname="testng.GroupExample" name="Testgroup1forB" time="0.001"/>
  <testcase classname="testng.GroupExample" name="Testgroup2forA" time="0.003"/>
  <testcase classname="testng.GroupExample" name="Testgroup2forB" time="0.005"/>
  <testcase classname="testng.TestNG_Demo" name="validation" time="0.0">
    <ignored/>
  </testcase> <!-- validation -->
  <testcase classname="testng.GroupExample" name="TestgroupA" time="0.0">
    <ignored/>
  </testcase> <!-- TestgroupA -->
</testsuite> <!-- Test -->
