<?xml version="1.0" encoding="UTF-8"?>
<testng-results ignored="0" total="3" passed="3" failed="0" skipped="0">
  <reporter-output>
  </reporter-output>
  <suite started-at="2026-04-20T22:53:48 IST" name="ParameterSuite" finished-at="2026-04-20T22:54:05 IST" duration-ms="17055">
    <groups>
    </groups>
    <test started-at="2026-04-20T22:53:48 IST" name="DemoblazeTest" finished-at="2026-04-20T22:54:05 IST" duration-ms="17055">
      <class name="testng.ParameterPassing">
        <test-method is-config="true" signature="beforeTest(java.lang.String,java.lang.String)[pri:0, instance:testng.ParameterPassing@55141def]" started-at="2026-04-20T22:53:48 IST" name="beforeTest" finished-at="2026-04-20T22:53:50 IST" duration-ms="2050" status="PASS">
          <params>
            <param index="0">
              <value>
                <![CDATA[chrome]]>
              </value>
            </param>
            <param index="1">
              <value>
                <![CDATA[https://www.demoblaze.com/]]>
              </value>
            </param>
          </params>
          <reporter-output>
          </reporter-output>
        </test-method> <!-- beforeTest -->
        <test-method signature="invalidLoginEmpty(java.lang.String,java.lang.String)[pri:0, instance:testng.ParameterPassing@55141def]" started-at="2026-04-20T22:53:50 IST" name="invalidLoginEmpty" finished-at="2026-04-20T22:53:52 IST" duration-ms="2279" status="PASS">
          <params>
            <param index="0">
              <value>
                <![CDATA[]]>
              </value>
            </param>
            <param index="1">
              <value>
                <![CDATA[]]>
              </value>
            </param>
          </params>
          <reporter-output>
          </reporter-output>
        </test-method> <!-- invalidLoginEmpty -->
        <test-method is-config="true" signature="afterTest()[pri:0, instance:testng.ParameterPassing@55141def]" started-at="2026-04-20T22:53:52 IST" name="afterTest" finished-at="2026-04-20T22:53:53 IST" duration-ms="339" status="PASS">
          <reporter-output>
          </reporter-output>
        </test-method> <!-- afterTest -->
        <test-method is-config="true" signature="beforeTest(java.lang.String,java.lang.String)[pri:0, instance:testng.ParameterPassing@55141def]" started-at="2026-04-20T22:53:53 IST" name="beforeTest" finished-at="2026-04-20T22:53:55 IST" duration-ms="2456" status="PASS">
          <params>
            <param index="0">
              <value>
                <![CDATA[chrome]]>
              </value>
            </param>
            <param index="1">
              <value>
                <![CDATA[https://www.demoblaze.com/]]>
              </value>
            </param>
          </params>
          <reporter-output>
          </reporter-output>
        </test-method> <!-- beforeTest -->
        <test-method signature="invalidLoginWrongPassword(java.lang.String,java.lang.String)[pri:0, instance:testng.ParameterPassing@55141def]" started-at="2026-04-20T22:53:55 IST" name="invalidLoginWrongPassword" finished-at="2026-04-20T22:53:56 IST" duration-ms="1519" status="PASS">
          <params>
            <param index="0">
              <value>
                <![CDATA[vithyamurugesan]]>
              </value>
            </param>
            <param index="1">
              <value>
                <![CDATA[wrong123]]>
              </value>
            </param>
          </params>
          <reporter-output>
          </reporter-output>
        </test-method> <!-- invalidLoginWrongPassword -->
        <test-method is-config="true" signature="afterTest()[pri:0, instance:testng.ParameterPassing@55141def]" started-at="2026-04-20T22:53:57 IST" name="afterTest" finished-at="2026-04-20T22:53:57 IST" duration-ms="215" status="PASS">
          <reporter-output>
          </reporter-output>
        </test-method> <!-- afterTest -->
        <test-method is-config="true" signature="beforeTest(java.lang.String,java.lang.String)[pri:0, instance:testng.ParameterPassing@55141def]" started-at="2026-04-20T22:53:57 IST" name="beforeTest" finished-at="2026-04-20T22:54:01 IST" duration-ms="4004" status="PASS">
          <params>
            <param index="0">
              <value>
                <![CDATA[chrome]]>
              </value>
            </param>
            <param index="1">
              <value>
                <![CDATA[https://www.demoblaze.com/]]>
              </value>
            </param>
          </params>
          <reporter-output>
          </reporter-output>
        </test-method> <!-- beforeTest -->
        <test-method signature="validLogin(java.lang.String,java.lang.String)[pri:0, instance:testng.ParameterPassing@55141def]" started-at="2026-04-20T22:54:01 IST" name="validLogin" finished-at="2026-04-20T22:54:04 IST" duration-ms="3748" status="PASS">
          <params>
            <param index="0">
              <value>
                <![CDATA[vithyamurugesan]]>
              </value>
            </param>
            <param index="1">
              <value>
                <![CDATA[1234]]>
              </value>
            </param>
          </params>
          <reporter-output>
          </reporter-output>
        </test-method> <!-- validLogin -->
        <test-method is-config="true" signature="afterTest()[pri:0, instance:testng.ParameterPassing@55141def]" started-at="2026-04-20T22:54:05 IST" name="afterTest" finished-at="2026-04-20T22:54:05 IST" duration-ms="293" status="PASS">
          <reporter-output>
          </reporter-output>
        </test-method> <!-- afterTest -->
      </class> <!-- testng.ParameterPassing -->
    </test> <!-- DemoblazeTest -->
  </suite> <!-- ParameterSuite -->
</testng-results>
