<?xml version="1.0" encoding="UTF-8"?>
<testng-results ignored="0" total="3" passed="3" failed="0" skipped="0">
  <reporter-output>
  </reporter-output>
  <suite started-at="2026-04-19T21:37:43 IST" name="Default suite" finished-at="2026-04-19T21:37:51 IST" duration-ms="8819">
    <groups>
    </groups>
    <test started-at="2026-04-19T21:37:43 IST" name="Default test" finished-at="2026-04-19T21:37:51 IST" duration-ms="8819">
      <class name="testng.SoftAssertDemoblaze">
        <test-method is-config="true" signature="beforeTest()[pri:0, instance:testng.SoftAssertDemoblaze@3c41ed1d]" started-at="2026-04-19T21:37:43 IST" name="beforeTest" finished-at="2026-04-19T21:37:46 IST" duration-ms="3079" status="PASS">
          <reporter-output>
          </reporter-output>
        </test-method> <!-- beforeTest -->
        <test-method signature="logininvalid1()[pri:0, instance:testng.SoftAssertDemoblaze@3c41ed1d]" started-at="2026-04-19T21:37:46 IST" name="logininvalid1" finished-at="2026-04-19T21:37:47 IST" duration-ms="883" status="PASS">
          <reporter-output>
          </reporter-output>
        </test-method> <!-- logininvalid1 -->
        <test-method signature="logininvalid2()[pri:0, instance:testng.SoftAssertDemoblaze@3c41ed1d]" started-at="2026-04-19T21:37:47 IST" name="logininvalid2" finished-at="2026-04-19T21:37:49 IST" duration-ms="1980" status="PASS">
          <reporter-output>
          </reporter-output>
        </test-method> <!-- logininvalid2 -->
        <test-method signature="validation()[pri:0, instance:testng.SoftAssertDemoblaze@3c41ed1d]" started-at="2026-04-19T21:37:49 IST" name="validation" finished-at="2026-04-19T21:37:51 IST" duration-ms="2645" status="PASS">
          <reporter-output>
          </reporter-output>
        </test-method> <!-- validation -->
        <test-method is-config="true" signature="afterTest()[pri:0, instance:testng.SoftAssertDemoblaze@3c41ed1d]" started-at="2026-04-19T21:37:51 IST" name="afterTest" finished-at="2026-04-19T21:37:51 IST" duration-ms="177" status="PASS">
          <reporter-output>
          </reporter-output>
        </test-method> <!-- afterTest -->
      </class> <!-- testng.SoftAssertDemoblaze -->
    </test> <!-- Default test -->
  </suite> <!-- Default suite -->
</testng-results>
