<?xml version="1.0" encoding="UTF-8"?>
<!-- Generated by org.testng.reporters.JUnitXMLReporter -->
<testsuite ignored="0" hostname="LAPTOP-4AAG13DH" failures="0" tests="3" name="Default test" time="8.819" errors="0" timestamp="2026-04-19T21:37:51 IST">
  <testcase classname="testng.SoftAssertDemoblaze" name="logininvalid1" time="0.883"/>
  <testcase classname="testng.SoftAssertDemoblaze" name="logininvalid2" time="1.98"/>
  <testcase classname="testng.SoftAssertDemoblaze" name="validation" time="2.645"/>
</testsuite> <!-- Default test -->
